<?xml version="1.0" encoding="UTF-8"?>
<testng-results skipped="0" failed="0" ignored="0" total="1" passed="1">
  <reporter-output>
    <line>
      <![CDATA[Title is matching Login Success ---Order History - My Account | BlueStone.com]]>
    </line>
  </reporter-output>
  <suite name="BlogQ_Suite" duration-ms="27670" started-at="2017-09-15T10:02:37Z" finished-at="2017-09-15T10:03:04Z">
    <groups>
    </groups>
    <test name="Test" duration-ms="27670" started-at="2017-09-15T10:02:37Z" finished-at="2017-09-15T10:03:04Z">
      <class name="com.tys.tests.HomeTest">
        <test-method status="PASS" signature="setPath()[pri:0, instance:com.tys.tests.HomeTest@4bec1f0c]" name="setPath" is-config="true" duration-ms="16" started-at="2017-09-15T15:32:37Z" finished-at="2017-09-15T15:32:37Z">
          <reporter-output>
          </reporter-output>
        </test-method> <!-- setPath -->
        <test-method status="PASS" signature="openApp()[pri:0, instance:com.tys.tests.HomeTest@4bec1f0c]" name="openApp" is-config="true" duration-ms="17796" started-at="2017-09-15T15:32:37Z" finished-at="2017-09-15T15:32:55Z">
          <reporter-output>
          </reporter-output>
        </test-method> <!-- openApp -->
        <test-method status="PASS" signature="testValidLoginLogout()[pri:0, instance:com.tys.tests.HomeTest@4bec1f0c]" name="testValidLoginLogout" duration-ms="9456" started-at="2017-09-15T15:32:55Z" finished-at="2017-09-15T15:33:04Z">
          <reporter-output>
            <line>
              <![CDATA[Title is matching Login Success ---Order History - My Account | BlueStone.com]]>
            </line>
          </reporter-output>
        </test-method> <!-- testValidLoginLogout -->
        <test-method status="PASS" signature="closeApp()[pri:0, instance:com.tys.tests.HomeTest@4bec1f0c]" name="closeApp" is-config="true" duration-ms="342" started-at="2017-09-15T15:33:04Z" finished-at="2017-09-15T15:33:04Z">
          <reporter-output>
          </reporter-output>
        </test-method> <!-- closeApp -->
      </class> <!-- com.tys.tests.HomeTest -->
    </test> <!-- Test -->
  </suite> <!-- BlogQ_Suite -->
</testng-results>
